[debug] [2021-04-21T12:56:35.517Z] ----------------------------------------------------------------------
[debug] [2021-04-21T12:56:35.521Z] Command:       C:\Program Files\nodejs\node.exe C:\Users\asus\AppData\Roaming\npm\node_modules\firebase-tools\lib\bin\firebase.js emulators:start
[debug] [2021-04-21T12:56:35.522Z] CLI Version:   9.9.0
[debug] [2021-04-21T12:56:35.522Z] Platform:      win32
[debug] [2021-04-21T12:56:35.523Z] Node Version:  v14.16.0
[debug] [2021-04-21T12:56:35.525Z] Time:          Wed Apr 21 2021 12:56:35 GMT+0000 (GMT)
[debug] [2021-04-21T12:56:35.525Z] ----------------------------------------------------------------------
[debug] 
[debug] [2021-04-21T12:56:35.538Z] > command requires scopes: ["email","openid","https://www.googleapis.com/auth/cloudplatformprojects.readonly","https://www.googleapis.com/auth/firebase","https://www.googleapis.com/auth/cloud-platform"]
[debug] [2021-04-21T12:56:35.539Z] > authorizing via signed-in user (dimmedak@gmail.com)
[info] i  emulators: Starting emulators: functions, hosting {"metadata":{"emulator":{"name":"hub"},"message":"Starting emulators: functions, hosting"}}
[debug] [2021-04-21T12:56:35.566Z] [hub] writing locator at C:\Users\asus\AppData\Local\Temp\hub-amaclone-d2e52.json
[warn] !  functions: The following emulators are not running, calls to these services from the Functions emulator will affect production: auth, firestore, database, pubsub {"metadata":{"emulator":{"name":"functions"},"message":"The following emulators are not running, calls to these services from the Functions emulator will affect production: \u001b[1mauth, firestore, database, pubsub\u001b[22m"}}
[warn] !  Your requested "node" version "12" doesn't match your global version "14" {"metadata":{"emulator":{"name":"functions"},"message":"Your requested \"node\" version \"12\" doesn't match your global version \"14\""}}
[debug] [2021-04-21T12:56:35.611Z] defaultcredentials: writing to file C:\Users\asus\AppData\Roaming\firebase\dimmedak_gmail_com_application_default_credentials.json
[debug] [2021-04-21T12:56:35.613Z] Setting GAC to C:\Users\asus\AppData\Roaming\firebase\dimmedak_gmail_com_application_default_credentials.json {"metadata":{"emulator":{"name":"functions"},"message":"Setting GAC to C:\\Users\\asus\\AppData\\Roaming\\firebase\\dimmedak_gmail_com_application_default_credentials.json"}}
[debug] [2021-04-21T12:56:35.615Z] >>> [apiv2][query] GET https://firebase.googleapis.com/v1beta1/projects/amaclone-d2e52/adminSdkConfig [none]
[debug] [2021-04-21T12:56:39.537Z] <<< [apiv2][status] GET https://firebase.googleapis.com/v1beta1/projects/amaclone-d2e52/adminSdkConfig 200
[debug] [2021-04-21T12:56:39.537Z] <<< [apiv2][body] GET https://firebase.googleapis.com/v1beta1/projects/amaclone-d2e52/adminSdkConfig {"projectId":"amaclone-d2e52","storageBucket":"amaclone-d2e52.appspot.com"}
[debug] [2021-04-21T12:56:39.557Z] >>> [apiv2][query] GET https://firebase.googleapis.com/v1beta1/projects/amaclone-d2e52/webApps/-/config [none]
[debug] [2021-04-21T12:57:43.484Z] <<< [apiv2][status] GET https://firebase.googleapis.com/v1beta1/projects/amaclone-d2e52/webApps/-/config 200
[debug] [2021-04-21T12:57:43.484Z] <<< [apiv2][body] GET https://firebase.googleapis.com/v1beta1/projects/amaclone-d2e52/webApps/-/config {"projectId":"amaclone-d2e52","appId":"1:291657402583:web:d2e0e3a71f9496b396c892","storageBucket":"amaclone-d2e52.appspot.com","apiKey":"AIzaSyDPRCk96mcPnqJ-ZfbTDa8utcEVzKJeJ2g","authDomain":"amaclone-d2e52.firebaseapp.com","messagingSenderId":"291657402583","measurementId":"G-0E26BLTLE1"}
[info] i  hosting: Serving hosting files from: build {"metadata":{"emulator":{"name":"hosting"},"message":"Serving hosting files from: \u001b[1mbuild\u001b[22m"}}
[info] +  hosting: Local server: http://localhost:5000 {"metadata":{"emulator":{"name":"hosting"},"message":"Local server: \u001b[4m\u001b[1mhttp://localhost:5000\u001b[22m\u001b[24m"}}
[debug] [2021-04-21T12:57:43.524Z] Ignoring unsupported arg: auto_download {"metadata":{"emulator":{"name":"ui"},"message":"Ignoring unsupported arg: auto_download"}}
[debug] [2021-04-21T12:57:43.524Z] Ignoring unsupported arg: port {"metadata":{"emulator":{"name":"ui"},"message":"Ignoring unsupported arg: port"}}
[debug] [2021-04-21T12:57:43.524Z] Starting Emulator UI with command {"binary":"node","args":["C:\\Users\\asus\\.cache\\firebase\\emulators\\ui-v1.4.2\\server.bundle.js"],"optionalArgs":[],"joinArgs":false} {"metadata":{"emulator":{"name":"ui"},"message":"Starting Emulator UI with command {\"binary\":\"node\",\"args\":[\"C:\\\\Users\\\\asus\\\\.cache\\\\firebase\\\\emulators\\\\ui-v1.4.2\\\\server.bundle.js\"],\"optionalArgs\":[],\"joinArgs\":false}"}}
[info] i  ui: Emulator UI logging to ui-debug.log {"metadata":{"emulator":{"name":"ui"},"message":"Emulator UI logging to \u001b[1mui-debug.log\u001b[22m"}}
[debug] [2021-04-21T12:57:43.645Z] Web / API server started at http://localhost:4000
 {"metadata":{"emulator":{"name":"ui"},"message":"Web / API server started at http://localhost:4000\n"}}
[info] i  functions: Watching "D:\Web Development Env\amazclone\functions" for Cloud Functions... {"metadata":{"emulator":{"name":"functions"},"message":"Watching \"D:\\Web Development Env\\amazclone\\functions\" for Cloud Functions..."}}
[debug] [2021-04-21T12:57:43.805Z] [worker-pool] addWorker(~diagnostic~) {"metadata":{"emulator":{"name":"functions"},"message":"[worker-pool] addWorker(~diagnostic~)"}}
[debug] [2021-04-21T12:57:43.805Z] [worker-pool] Adding worker with key ~diagnostic~, total=1 {"metadata":{"emulator":{"name":"functions"},"message":"[worker-pool] Adding worker with key ~diagnostic~, total=1"}}
[debug] [2021-04-21T12:57:43.805Z] [worker-pool] submitWork(triggerId=) {"metadata":{"emulator":{"name":"functions"},"message":"[worker-pool] submitWork(triggerId=)"}}
[debug] [2021-04-21T12:57:43.805Z] [worker-~diagnostic~-90bb9c01-d62f-4343-8135-8ac313b2ac09]: Assigning socketPath: \\?\pipe\D:\Web Development Env\amazclone\functions\11484 {"metadata":{"emulator":{"name":"functions"},"message":"[worker-~diagnostic~-90bb9c01-d62f-4343-8135-8ac313b2ac09]: Assigning socketPath: \\\\?\\pipe\\D:\\Web Development Env\\amazclone\\functions\\11484"}}
[debug] [2021-04-21T12:57:43.806Z] [worker-~diagnostic~-90bb9c01-d62f-4343-8135-8ac313b2ac09]: BUSY {"metadata":{"emulator":{"name":"functions"},"message":"[worker-~diagnostic~-90bb9c01-d62f-4343-8135-8ac313b2ac09]: BUSY"}}
[debug] [2021-04-21T12:57:44.032Z] [runtime-status] [11484] Functions runtime initialized. {"cwd":"D:\\Web Development Env\\amazclone\\functions","node_version":"14.16.0"} {"metadata":{"emulator":{"name":"functions"},"message":"[runtime-status] [11484] Functions runtime initialized. {\"cwd\":\"D:\\\\Web Development Env\\\\amazclone\\\\functions\",\"node_version\":\"14.16.0\"}"}}
[debug] [2021-04-21T12:57:44.033Z] [runtime-status] [11484] Disabled runtime features: undefined {"metadata":{"emulator":{"name":"functions"},"message":"[runtime-status] [11484] Disabled runtime features: undefined"}}
[debug] [2021-04-21T12:57:44.036Z] [runtime-status] [11484] Resolved module firebase-admin {"declared":true,"installed":true,"version":"9.6.0","resolution":"D:\\Web Development Env\\amazclone\\functions\\node_modules\\firebase-admin\\lib\\index.js"} {"metadata":{"emulator":{"name":"functions"},"message":"[runtime-status] [11484] Resolved module firebase-admin {\"declared\":true,\"installed\":true,\"version\":\"9.6.0\",\"resolution\":\"D:\\\\Web Development Env\\\\amazclone\\\\functions\\\\node_modules\\\\firebase-admin\\\\lib\\\\index.js\"}"}}
[debug] [2021-04-21T12:57:44.038Z] [runtime-status] [11484] Resolved module firebase-functions {"declared":true,"installed":true,"version":"3.13.2","resolution":"D:\\Web Development Env\\amazclone\\functions\\node_modules\\firebase-functions\\lib\\index.js"} {"metadata":{"emulator":{"name":"functions"},"message":"[runtime-status] [11484] Resolved module firebase-functions {\"declared\":true,\"installed\":true,\"version\":\"3.13.2\",\"resolution\":\"D:\\\\Web Development Env\\\\amazclone\\\\functions\\\\node_modules\\\\firebase-functions\\\\lib\\\\index.js\"}"}}
[debug] [2021-04-21T12:57:44.040Z] [runtime-status] [11484] Resolved module firebase-functions {"declared":true,"installed":true,"version":"3.13.2","resolution":"D:\\Web Development Env\\amazclone\\functions\\node_modules\\firebase-functions\\lib\\index.js"} {"metadata":{"emulator":{"name":"functions"},"message":"[runtime-status] [11484] Resolved module firebase-functions {\"declared\":true,\"installed\":true,\"version\":\"3.13.2\",\"resolution\":\"D:\\\\Web Development Env\\\\amazclone\\\\functions\\\\node_modules\\\\firebase-functions\\\\lib\\\\index.js\"}"}}
[debug] [2021-04-21T12:57:44.042Z] [runtime-status] [11484] Outgoing network have been stubbed. [{"name":"http","status":"mocked"},{"name":"http","status":"mocked"},{"name":"https","status":"mocked"},{"name":"https","status":"mocked"},{"name":"net","status":"mocked"}] {"metadata":{"emulator":{"name":"functions"},"message":"[runtime-status] [11484] Outgoing network have been stubbed. [{\"name\":\"http\",\"status\":\"mocked\"},{\"name\":\"http\",\"status\":\"mocked\"},{\"name\":\"https\",\"status\":\"mocked\"},{\"name\":\"https\",\"status\":\"mocked\"},{\"name\":\"net\",\"status\":\"mocked\"}]"}}
[debug] [2021-04-21T12:57:44.042Z] [runtime-status] [11484] Resolved module firebase-functions {"declared":true,"installed":true,"version":"3.13.2","resolution":"D:\\Web Development Env\\amazclone\\functions\\node_modules\\firebase-functions\\lib\\index.js"} {"metadata":{"emulator":{"name":"functions"},"message":"[runtime-status] [11484] Resolved module firebase-functions {\"declared\":true,\"installed\":true,\"version\":\"3.13.2\",\"resolution\":\"D:\\\\Web Development Env\\\\amazclone\\\\functions\\\\node_modules\\\\firebase-functions\\\\lib\\\\index.js\"}"}}
[debug] [2021-04-21T12:57:44.099Z] [runtime-status] [11484] Checked functions.config() {"config":{}} {"metadata":{"emulator":{"name":"functions"},"message":"[runtime-status] [11484] Checked functions.config() {\"config\":{}}"}}
[debug] [2021-04-21T12:57:44.099Z] [runtime-status] [11484] firebase-functions has been stubbed. {"functionsResolution":{"declared":true,"installed":true,"version":"3.13.2","resolution":"D:\\Web Development Env\\amazclone\\functions\\node_modules\\firebase-functions\\lib\\index.js"}} {"metadata":{"emulator":{"name":"functions"},"message":"[runtime-status] [11484] firebase-functions has been stubbed. {\"functionsResolution\":{\"declared\":true,\"installed\":true,\"version\":\"3.13.2\",\"resolution\":\"D:\\\\Web Development Env\\\\amazclone\\\\functions\\\\node_modules\\\\firebase-functions\\\\lib\\\\index.js\"}}"}}
[debug] [2021-04-21T12:57:44.099Z] [runtime-status] [11484] Resolved module firebase-functions {"declared":true,"installed":true,"version":"3.13.2","resolution":"D:\\Web Development Env\\amazclone\\functions\\node_modules\\firebase-functions\\lib\\index.js"} {"metadata":{"emulator":{"name":"functions"},"message":"[runtime-status] [11484] Resolved module firebase-functions {\"declared\":true,\"installed\":true,\"version\":\"3.13.2\",\"resolution\":\"D:\\\\Web Development Env\\\\amazclone\\\\functions\\\\node_modules\\\\firebase-functions\\\\lib\\\\index.js\"}"}}
[debug] [2021-04-21T12:57:44.101Z] [runtime-status] [11484] Resolved module firebase-admin {"declared":true,"installed":true,"version":"9.6.0","resolution":"D:\\Web Development Env\\amazclone\\functions\\node_modules\\firebase-admin\\lib\\index.js"} {"metadata":{"emulator":{"name":"functions"},"message":"[runtime-status] [11484] Resolved module firebase-admin {\"declared\":true,\"installed\":true,\"version\":\"9.6.0\",\"resolution\":\"D:\\\\Web Development Env\\\\amazclone\\\\functions\\\\node_modules\\\\firebase-admin\\\\lib\\\\index.js\"}"}}
[debug] [2021-04-21T12:57:44.102Z] [runtime-status] [11484] Resolved module firebase-functions {"declared":true,"installed":true,"version":"3.13.2","resolution":"D:\\Web Development Env\\amazclone\\functions\\node_modules\\firebase-functions\\lib\\index.js"} {"metadata":{"emulator":{"name":"functions"},"message":"[runtime-status] [11484] Resolved module firebase-functions {\"declared\":true,\"installed\":true,\"version\":\"3.13.2\",\"resolution\":\"D:\\\\Web Development Env\\\\amazclone\\\\functions\\\\node_modules\\\\firebase-functions\\\\lib\\\\index.js\"}"}}
[debug] [2021-04-21T12:57:44.102Z] [runtime-status] [11484] firebase-admin has been stubbed. {"adminResolution":{"declared":true,"installed":true,"version":"9.6.0","resolution":"D:\\Web Development Env\\amazclone\\functions\\node_modules\\firebase-admin\\lib\\index.js"}} {"metadata":{"emulator":{"name":"functions"},"message":"[runtime-status] [11484] firebase-admin has been stubbed. {\"adminResolution\":{\"declared\":true,\"installed\":true,\"version\":\"9.6.0\",\"resolution\":\"D:\\\\Web Development Env\\\\amazclone\\\\functions\\\\node_modules\\\\firebase-admin\\\\lib\\\\index.js\"}}"}}
[info] +  functions[api]: http function initialized (http://localhost:5001/amaclone-d2e52/us-central1/api). {"metadata":{"emulator":{"name":"functions"},"message":"\u001b[1mhttp\u001b[22m function initialized (http://localhost:5001/amaclone-d2e52/us-central1/api)."}}
[info] 
┌─────────────────────────────────────────────────────────────┐
│ ✔  All emulators ready! It is now safe to connect your app. │
│ i  View Emulator UI at http://localhost:4000                │
└─────────────────────────────────────────────────────────────┘

┌───────────┬────────────────┬─────────────────────────────────┐
│ Emulator  │ Host:Port      │ View in Emulator UI             │
├───────────┼────────────────┼─────────────────────────────────┤
│ Functions │ localhost:5001 │ http://localhost:4000/functions │
├───────────┼────────────────┼─────────────────────────────────┤
│ Hosting   │ localhost:5000 │ n/a                             │
└───────────┴────────────────┴─────────────────────────────────┘
  Emulator Hub running at localhost:4400
  Other reserved ports: 4500

Issues? Report them at https://github.com/firebase/firebase-tools/issues and attach the *-debug.log files.
 
[debug] [2021-04-21T12:57:44.350Z] [worker-~diagnostic~-90bb9c01-d62f-4343-8135-8ac313b2ac09]: IDLE {"metadata":{"emulator":{"name":"functions"},"message":"[worker-~diagnostic~-90bb9c01-d62f-4343-8135-8ac313b2ac09]: IDLE"}}
[debug] [2021-04-21T12:58:33.508Z] [work-queue] {"queueLength":1,"workRunningCount":0}
[debug] [2021-04-21T12:58:33.509Z] [work-queue] {"queueLength":0,"workRunningCount":1}
[debug] [2021-04-21T12:58:33.511Z] Accepted request GET /amaclone-d2e52/us-central1/api --> api
[debug] [2021-04-21T12:58:33.520Z] [worker-pool] addWorker(api) {"metadata":{"emulator":{"name":"functions"},"message":"[worker-pool] addWorker(api)"}}
[debug] [2021-04-21T12:58:33.521Z] [worker-pool] Adding worker with key api, total=1 {"metadata":{"emulator":{"name":"functions"},"message":"[worker-pool] Adding worker with key api, total=1"}}
[debug] [2021-04-21T12:58:33.521Z] [worker-pool] submitWork(triggerId=api) {"metadata":{"emulator":{"name":"functions"},"message":"[worker-pool] submitWork(triggerId=api)"}}
[debug] [2021-04-21T12:58:33.521Z] [worker-api-076b9e7b-55ec-4496-85de-c1813662e8d3]: Assigning socketPath: \\?\pipe\D:\Web Development Env\amazclone\functions\14300 {"metadata":{"emulator":{"name":"functions"},"message":"[worker-api-076b9e7b-55ec-4496-85de-c1813662e8d3]: Assigning socketPath: \\\\?\\pipe\\D:\\Web Development Env\\amazclone\\functions\\14300"}}
[debug] [2021-04-21T12:58:33.522Z] [worker-api-076b9e7b-55ec-4496-85de-c1813662e8d3]: BUSY {"metadata":{"emulator":{"name":"functions"},"message":"[worker-api-076b9e7b-55ec-4496-85de-c1813662e8d3]: BUSY"}}
[debug] [2021-04-21T12:58:33.756Z] [runtime-status] [14300] Functions runtime initialized. {"cwd":"D:\\Web Development Env\\amazclone\\functions","node_version":"14.16.0"} {"metadata":{"emulator":{"name":"functions"},"function":{"name":"api"},"message":"[runtime-status] [14300] Functions runtime initialized. {\"cwd\":\"D:\\\\Web Development Env\\\\amazclone\\\\functions\",\"node_version\":\"14.16.0\"}"}}
[debug] [2021-04-21T12:58:33.757Z] [runtime-status] [14300] Disabled runtime features: undefined {"metadata":{"emulator":{"name":"functions"},"function":{"name":"api"},"message":"[runtime-status] [14300] Disabled runtime features: undefined"}}
[debug] [2021-04-21T12:58:33.761Z] [runtime-status] [14300] Resolved module firebase-admin {"declared":true,"installed":true,"version":"9.6.0","resolution":"D:\\Web Development Env\\amazclone\\functions\\node_modules\\firebase-admin\\lib\\index.js"} {"metadata":{"emulator":{"name":"functions"},"function":{"name":"api"},"message":"[runtime-status] [14300] Resolved module firebase-admin {\"declared\":true,\"installed\":true,\"version\":\"9.6.0\",\"resolution\":\"D:\\\\Web Development Env\\\\amazclone\\\\functions\\\\node_modules\\\\firebase-admin\\\\lib\\\\index.js\"}"}}
[debug] [2021-04-21T12:58:33.764Z] [runtime-status] [14300] Resolved module firebase-functions {"declared":true,"installed":true,"version":"3.13.2","resolution":"D:\\Web Development Env\\amazclone\\functions\\node_modules\\firebase-functions\\lib\\index.js"} {"metadata":{"emulator":{"name":"functions"},"function":{"name":"api"},"message":"[runtime-status] [14300] Resolved module firebase-functions {\"declared\":true,\"installed\":true,\"version\":\"3.13.2\",\"resolution\":\"D:\\\\Web Development Env\\\\amazclone\\\\functions\\\\node_modules\\\\firebase-functions\\\\lib\\\\index.js\"}"}}
[debug] [2021-04-21T12:58:33.766Z] [runtime-status] [14300] Resolved module firebase-functions {"declared":true,"installed":true,"version":"3.13.2","resolution":"D:\\Web Development Env\\amazclone\\functions\\node_modules\\firebase-functions\\lib\\index.js"} {"metadata":{"emulator":{"name":"functions"},"function":{"name":"api"},"message":"[runtime-status] [14300] Resolved module firebase-functions {\"declared\":true,\"installed\":true,\"version\":\"3.13.2\",\"resolution\":\"D:\\\\Web Development Env\\\\amazclone\\\\functions\\\\node_modules\\\\firebase-functions\\\\lib\\\\index.js\"}"}}
[debug] [2021-04-21T12:58:33.767Z] [runtime-status] [14300] Outgoing network have been stubbed. [{"name":"http","status":"mocked"},{"name":"http","status":"mocked"},{"name":"https","status":"mocked"},{"name":"https","status":"mocked"},{"name":"net","status":"mocked"}] {"metadata":{"emulator":{"name":"functions"},"function":{"name":"api"},"message":"[runtime-status] [14300] Outgoing network have been stubbed. [{\"name\":\"http\",\"status\":\"mocked\"},{\"name\":\"http\",\"status\":\"mocked\"},{\"name\":\"https\",\"status\":\"mocked\"},{\"name\":\"https\",\"status\":\"mocked\"},{\"name\":\"net\",\"status\":\"mocked\"}]"}}
[debug] [2021-04-21T12:58:33.768Z] [runtime-status] [14300] Resolved module firebase-functions {"declared":true,"installed":true,"version":"3.13.2","resolution":"D:\\Web Development Env\\amazclone\\functions\\node_modules\\firebase-functions\\lib\\index.js"} {"metadata":{"emulator":{"name":"functions"},"function":{"name":"api"},"message":"[runtime-status] [14300] Resolved module firebase-functions {\"declared\":true,\"installed\":true,\"version\":\"3.13.2\",\"resolution\":\"D:\\\\Web Development Env\\\\amazclone\\\\functions\\\\node_modules\\\\firebase-functions\\\\lib\\\\index.js\"}"}}
[debug] [2021-04-21T12:58:33.828Z] [runtime-status] [14300] Checked functions.config() {"config":{}} {"metadata":{"emulator":{"name":"functions"},"function":{"name":"api"},"message":"[runtime-status] [14300] Checked functions.config() {\"config\":{}}"}}
[debug] [2021-04-21T12:58:33.828Z] [runtime-status] [14300] firebase-functions has been stubbed. {"functionsResolution":{"declared":true,"installed":true,"version":"3.13.2","resolution":"D:\\Web Development Env\\amazclone\\functions\\node_modules\\firebase-functions\\lib\\index.js"}} {"metadata":{"emulator":{"name":"functions"},"function":{"name":"api"},"message":"[runtime-status] [14300] firebase-functions has been stubbed. {\"functionsResolution\":{\"declared\":true,\"installed\":true,\"version\":\"3.13.2\",\"resolution\":\"D:\\\\Web Development Env\\\\amazclone\\\\functions\\\\node_modules\\\\firebase-functions\\\\lib\\\\index.js\"}}"}}
[debug] [2021-04-21T12:58:33.829Z] [runtime-status] [14300] Resolved module firebase-functions {"declared":true,"installed":true,"version":"3.13.2","resolution":"D:\\Web Development Env\\amazclone\\functions\\node_modules\\firebase-functions\\lib\\index.js"} {"metadata":{"emulator":{"name":"functions"},"function":{"name":"api"},"message":"[runtime-status] [14300] Resolved module firebase-functions {\"declared\":true,\"installed\":true,\"version\":\"3.13.2\",\"resolution\":\"D:\\\\Web Development Env\\\\amazclone\\\\functions\\\\node_modules\\\\firebase-functions\\\\lib\\\\index.js\"}"}}
[debug] [2021-04-21T12:58:33.830Z] [runtime-status] [14300] Resolved module firebase-admin {"declared":true,"installed":true,"version":"9.6.0","resolution":"D:\\Web Development Env\\amazclone\\functions\\node_modules\\firebase-admin\\lib\\index.js"} {"metadata":{"emulator":{"name":"functions"},"function":{"name":"api"},"message":"[runtime-status] [14300] Resolved module firebase-admin {\"declared\":true,\"installed\":true,\"version\":\"9.6.0\",\"resolution\":\"D:\\\\Web Development Env\\\\amazclone\\\\functions\\\\node_modules\\\\firebase-admin\\\\lib\\\\index.js\"}"}}
[debug] [2021-04-21T12:58:33.831Z] [runtime-status] [14300] Resolved module firebase-functions {"declared":true,"installed":true,"version":"3.13.2","resolution":"D:\\Web Development Env\\amazclone\\functions\\node_modules\\firebase-functions\\lib\\index.js"} {"metadata":{"emulator":{"name":"functions"},"function":{"name":"api"},"message":"[runtime-status] [14300] Resolved module firebase-functions {\"declared\":true,\"installed\":true,\"version\":\"3.13.2\",\"resolution\":\"D:\\\\Web Development Env\\\\amazclone\\\\functions\\\\node_modules\\\\firebase-functions\\\\lib\\\\index.js\"}"}}
[debug] [2021-04-21T12:58:33.831Z] [runtime-status] [14300] firebase-admin has been stubbed. {"adminResolution":{"declared":true,"installed":true,"version":"9.6.0","resolution":"D:\\Web Development Env\\amazclone\\functions\\node_modules\\firebase-admin\\lib\\index.js"}} {"metadata":{"emulator":{"name":"functions"},"function":{"name":"api"},"message":"[runtime-status] [14300] firebase-admin has been stubbed. {\"adminResolution\":{\"declared\":true,\"installed\":true,\"version\":\"9.6.0\",\"resolution\":\"D:\\\\Web Development Env\\\\amazclone\\\\functions\\\\node_modules\\\\firebase-admin\\\\lib\\\\index.js\"}}"}}
[debug] [2021-04-21T12:58:34.093Z] [runtime-status] [14300] Trigger "api" has been found, beginning invocation! {"metadata":{"emulator":{"name":"functions"},"function":{"name":"api"},"message":"[runtime-status] [14300] Trigger \"api\" has been found, beginning invocation!"}}
[info] i  functions: Beginning execution of "api" {"metadata":{"emulator":{"name":"functions"},"function":{"name":"api"},"message":"Beginning execution of \"api\""}}
[debug] [2021-04-21T12:58:34.093Z] [runtime-status] [14300] triggerDefinition {"httpsTrigger":{},"name":"api","entryPoint":"api"} {"metadata":{"emulator":{"name":"functions"},"function":{"name":"api"},"message":"[runtime-status] [14300] triggerDefinition {\"httpsTrigger\":{},\"name\":\"api\",\"entryPoint\":\"api\"}"}}
[debug] [2021-04-21T12:58:34.093Z] [runtime-status] [14300] Running api in mode HTTPS {"metadata":{"emulator":{"name":"functions"},"function":{"name":"api"},"message":"[runtime-status] [14300] Running api in mode HTTPS"}}
[debug] [2021-04-21T12:58:34.097Z] [runtime-status] [14300] Attempting to listen to socketPath: \\?\pipe\D:\Web Development Env\amazclone\functions\14300 {"metadata":{"emulator":{"name":"functions"},"function":{"name":"api"},"message":"[runtime-status] [14300] Attempting to listen to socketPath: \\\\?\\pipe\\D:\\Web Development Env\\amazclone\\functions\\14300"}}
[debug] [2021-04-21T12:58:34.099Z] [functions] Runtime ready! Sending request! {"metadata":{"emulator":{"name":"functions"},"message":"[functions] Runtime ready! Sending request!"}}
[debug] [2021-04-21T12:58:34.100Z] [functions] Got req.url=/amaclone-d2e52/us-central1/api, mapping to path=/ {"metadata":{"emulator":{"name":"functions"},"message":"[functions] Got req.url=/amaclone-d2e52/us-central1/api, mapping to path=/"}}
[debug] [2021-04-21T12:58:34.106Z] [runtime-status] [14300] Ephemeral server handling GET request {"metadata":{"emulator":{"name":"functions"},"function":{"name":"api"},"message":"[runtime-status] [14300] Ephemeral server handling GET request"}}
[debug] [2021-04-21T12:58:34.112Z] [runtime-status] [14300] Ephemeral server survived. {"metadata":{"emulator":{"name":"functions"},"function":{"name":"api"},"message":"[runtime-status] [14300] Ephemeral server survived."}}
[info] i  functions: Finished "api" in ~1s {"metadata":{"emulator":{"name":"functions"},"function":{"name":"api"},"message":"Finished \"api\" in ~1s"}}
[debug] [2021-04-21T12:58:34.119Z] [worker-api-076b9e7b-55ec-4496-85de-c1813662e8d3]: IDLE {"metadata":{"emulator":{"name":"functions"},"message":"[worker-api-076b9e7b-55ec-4496-85de-c1813662e8d3]: IDLE"}}
[debug] [2021-04-21T12:58:34.119Z] [work-queue] {"queueLength":0,"workRunningCount":0}
[debug] [2021-04-21T12:59:02.874Z] [work-queue] {"queueLength":1,"workRunningCount":0}
[debug] [2021-04-21T12:59:02.874Z] [work-queue] {"queueLength":0,"workRunningCount":1}
[debug] [2021-04-21T12:59:02.874Z] Accepted request POST /amaclone-d2e52/us-central1/api/payments/create?total=220000 --> api
[debug] [2021-04-21T12:59:02.874Z] [worker-pool] submitWork(triggerId=api) {"metadata":{"emulator":{"name":"functions"},"message":"[worker-pool] submitWork(triggerId=api)"}}
[debug] [2021-04-21T12:59:02.874Z] [worker-api-076b9e7b-55ec-4496-85de-c1813662e8d3]: Assigning socketPath: \\?\pipe\D:\Web Development Env\amazclone\functions\14300 {"metadata":{"emulator":{"name":"functions"},"message":"[worker-api-076b9e7b-55ec-4496-85de-c1813662e8d3]: Assigning socketPath: \\\\?\\pipe\\D:\\Web Development Env\\amazclone\\functions\\14300"}}
[debug] [2021-04-21T12:59:02.874Z] [worker-api-076b9e7b-55ec-4496-85de-c1813662e8d3]: BUSY {"metadata":{"emulator":{"name":"functions"},"message":"[worker-api-076b9e7b-55ec-4496-85de-c1813662e8d3]: BUSY"}}
[debug] [2021-04-21T12:59:02.875Z] [runtime-status] [14300] Trigger "api" has been found, beginning invocation! {"metadata":{"emulator":{"name":"functions"},"function":{"name":"api"},"message":"[runtime-status] [14300] Trigger \"api\" has been found, beginning invocation!"}}
[info] i  functions: Beginning execution of "api" {"metadata":{"emulator":{"name":"functions"},"function":{"name":"api"},"message":"Beginning execution of \"api\""}}
[debug] [2021-04-21T12:59:02.876Z] [runtime-status] [14300] triggerDefinition {"httpsTrigger":{},"name":"api","entryPoint":"api"} {"metadata":{"emulator":{"name":"functions"},"function":{"name":"api"},"message":"[runtime-status] [14300] triggerDefinition {\"httpsTrigger\":{},\"name\":\"api\",\"entryPoint\":\"api\"}"}}
[debug] [2021-04-21T12:59:02.876Z] [runtime-status] [14300] Running api in mode HTTPS {"metadata":{"emulator":{"name":"functions"},"function":{"name":"api"},"message":"[runtime-status] [14300] Running api in mode HTTPS"}}
[debug] [2021-04-21T12:59:02.876Z] [runtime-status] [14300] Attempting to listen to socketPath: \\?\pipe\D:\Web Development Env\amazclone\functions\14300 {"metadata":{"emulator":{"name":"functions"},"function":{"name":"api"},"message":"[runtime-status] [14300] Attempting to listen to socketPath: \\\\?\\pipe\\D:\\Web Development Env\\amazclone\\functions\\14300"}}
[debug] [2021-04-21T12:59:02.877Z] [functions] Runtime ready! Sending request! {"metadata":{"emulator":{"name":"functions"},"message":"[functions] Runtime ready! Sending request!"}}
[debug] [2021-04-21T12:59:02.878Z] [functions] Got req.url=/amaclone-d2e52/us-central1/api/payments/create?total=220000, mapping to path=/payments/create?total=220000 {"metadata":{"emulator":{"name":"functions"},"message":"[functions] Got req.url=/amaclone-d2e52/us-central1/api/payments/create?total=220000, mapping to path=/payments/create?total=220000"}}
[debug] [2021-04-21T12:59:02.881Z] [runtime-status] [14300] Ephemeral server handling POST request {"metadata":{"emulator":{"name":"functions"},"function":{"name":"api"},"message":"[runtime-status] [14300] Ephemeral server handling POST request"}}
[info] >  payment request recieved! for this amount :  220000 {"user":"payment request recieved! for this amount :  220000","metadata":{"emulator":{"name":"functions"},"function":{"name":"api"},"message":"\u001b[90m> \u001b[39m payment request recieved! for this amount :  220000"}}
[debug] [2021-04-21T12:59:02.891Z] [runtime-status] [14300] Ephemeral server survived. {"metadata":{"emulator":{"name":"functions"},"function":{"name":"api"},"message":"[runtime-status] [14300] Ephemeral server survived."}}
[info] i  functions: Finished "api" in ~5s {"metadata":{"emulator":{"name":"functions"},"function":{"name":"api"},"message":"Finished \"api\" in ~5s"}}
[debug] [2021-04-21T12:59:08.390Z] [worker-api-076b9e7b-55ec-4496-85de-c1813662e8d3]: IDLE {"metadata":{"emulator":{"name":"functions"},"message":"[worker-api-076b9e7b-55ec-4496-85de-c1813662e8d3]: IDLE"}}
[debug] [2021-04-21T12:59:08.390Z] [work-queue] {"queueLength":0,"workRunningCount":0}
[debug] [2021-04-21T13:04:12.210Z] [work-queue] {"queueLength":1,"workRunningCount":0}
[debug] [2021-04-21T13:04:12.210Z] [work-queue] {"queueLength":0,"workRunningCount":1}
[debug] [2021-04-21T13:04:12.210Z] Accepted request POST /amaclone-d2e52/us-central1/api/payments/create?total=220000 --> api
[debug] [2021-04-21T13:04:12.211Z] [worker-pool] submitWork(triggerId=api) {"metadata":{"emulator":{"name":"functions"},"message":"[worker-pool] submitWork(triggerId=api)"}}
[debug] [2021-04-21T13:04:12.211Z] [worker-api-076b9e7b-55ec-4496-85de-c1813662e8d3]: Assigning socketPath: \\?\pipe\D:\Web Development Env\amazclone\functions\14300 {"metadata":{"emulator":{"name":"functions"},"message":"[worker-api-076b9e7b-55ec-4496-85de-c1813662e8d3]: Assigning socketPath: \\\\?\\pipe\\D:\\Web Development Env\\amazclone\\functions\\14300"}}
[debug] [2021-04-21T13:04:12.211Z] [worker-api-076b9e7b-55ec-4496-85de-c1813662e8d3]: BUSY {"metadata":{"emulator":{"name":"functions"},"message":"[worker-api-076b9e7b-55ec-4496-85de-c1813662e8d3]: BUSY"}}
[debug] [2021-04-21T13:04:12.213Z] [runtime-status] [14300] Trigger "api" has been found, beginning invocation! {"metadata":{"emulator":{"name":"functions"},"function":{"name":"api"},"message":"[runtime-status] [14300] Trigger \"api\" has been found, beginning invocation!"}}
[info] i  functions: Beginning execution of "api" {"metadata":{"emulator":{"name":"functions"},"function":{"name":"api"},"message":"Beginning execution of \"api\""}}
[debug] [2021-04-21T13:04:12.215Z] [runtime-status] [14300] triggerDefinition {"httpsTrigger":{},"name":"api","entryPoint":"api"} {"metadata":{"emulator":{"name":"functions"},"function":{"name":"api"},"message":"[runtime-status] [14300] triggerDefinition {\"httpsTrigger\":{},\"name\":\"api\",\"entryPoint\":\"api\"}"}}
[debug] [2021-04-21T13:04:12.215Z] [runtime-status] [14300] Running api in mode HTTPS {"metadata":{"emulator":{"name":"functions"},"function":{"name":"api"},"message":"[runtime-status] [14300] Running api in mode HTTPS"}}
[debug] [2021-04-21T13:04:12.216Z] [runtime-status] [14300] Attempting to listen to socketPath: \\?\pipe\D:\Web Development Env\amazclone\functions\14300 {"metadata":{"emulator":{"name":"functions"},"function":{"name":"api"},"message":"[runtime-status] [14300] Attempting to listen to socketPath: \\\\?\\pipe\\D:\\Web Development Env\\amazclone\\functions\\14300"}}
[debug] [2021-04-21T13:04:12.218Z] [functions] Runtime ready! Sending request! {"metadata":{"emulator":{"name":"functions"},"message":"[functions] Runtime ready! Sending request!"}}
[debug] [2021-04-21T13:04:12.218Z] [functions] Got req.url=/amaclone-d2e52/us-central1/api/payments/create?total=220000, mapping to path=/payments/create?total=220000 {"metadata":{"emulator":{"name":"functions"},"message":"[functions] Got req.url=/amaclone-d2e52/us-central1/api/payments/create?total=220000, mapping to path=/payments/create?total=220000"}}
[debug] [2021-04-21T13:04:12.222Z] [runtime-status] [14300] Ephemeral server handling POST request {"metadata":{"emulator":{"name":"functions"},"function":{"name":"api"},"message":"[runtime-status] [14300] Ephemeral server handling POST request"}}
[info] >  payment request recieved! for this amount :  220000 {"user":"payment request recieved! for this amount :  220000","metadata":{"emulator":{"name":"functions"},"function":{"name":"api"},"message":"\u001b[90m> \u001b[39m payment request recieved! for this amount :  220000"}}
[debug] [2021-04-21T13:04:12.224Z] [runtime-status] [14300] Ephemeral server survived. {"metadata":{"emulator":{"name":"functions"},"function":{"name":"api"},"message":"[runtime-status] [14300] Ephemeral server survived."}}
[info] i  functions: Finished "api" in ~2s {"metadata":{"emulator":{"name":"functions"},"function":{"name":"api"},"message":"Finished \"api\" in ~2s"}}
[debug] [2021-04-21T13:04:14.585Z] [worker-api-076b9e7b-55ec-4496-85de-c1813662e8d3]: IDLE {"metadata":{"emulator":{"name":"functions"},"message":"[worker-api-076b9e7b-55ec-4496-85de-c1813662e8d3]: IDLE"}}
[debug] [2021-04-21T13:04:14.585Z] [work-queue] {"queueLength":0,"workRunningCount":0}
[debug] [2021-04-21T14:07:20.459Z] [work-queue] {"queueLength":1,"workRunningCount":0}
[debug] [2021-04-21T14:07:20.460Z] [work-queue] {"queueLength":0,"workRunningCount":1}
[debug] [2021-04-21T14:07:20.461Z] Accepted request POST /amaclone-d2e52/us-central1/api/payments/create?total=220000 --> api
[debug] [2021-04-21T14:07:20.462Z] [worker-pool] submitWork(triggerId=api) {"metadata":{"emulator":{"name":"functions"},"message":"[worker-pool] submitWork(triggerId=api)"}}
[debug] [2021-04-21T14:07:20.462Z] [worker-api-076b9e7b-55ec-4496-85de-c1813662e8d3]: Assigning socketPath: \\?\pipe\D:\Web Development Env\amazclone\functions\14300 {"metadata":{"emulator":{"name":"functions"},"message":"[worker-api-076b9e7b-55ec-4496-85de-c1813662e8d3]: Assigning socketPath: \\\\?\\pipe\\D:\\Web Development Env\\amazclone\\functions\\14300"}}
[debug] [2021-04-21T14:07:20.462Z] [worker-api-076b9e7b-55ec-4496-85de-c1813662e8d3]: BUSY {"metadata":{"emulator":{"name":"functions"},"message":"[worker-api-076b9e7b-55ec-4496-85de-c1813662e8d3]: BUSY"}}
[debug] [2021-04-21T14:07:20.465Z] [runtime-status] [14300] Trigger "api" has been found, beginning invocation! {"metadata":{"emulator":{"name":"functions"},"function":{"name":"api"},"message":"[runtime-status] [14300] Trigger \"api\" has been found, beginning invocation!"}}
[info] i  functions: Beginning execution of "api" {"metadata":{"emulator":{"name":"functions"},"function":{"name":"api"},"message":"Beginning execution of \"api\""}}
[debug] [2021-04-21T14:07:20.466Z] [runtime-status] [14300] triggerDefinition {"httpsTrigger":{},"name":"api","entryPoint":"api"} {"metadata":{"emulator":{"name":"functions"},"function":{"name":"api"},"message":"[runtime-status] [14300] triggerDefinition {\"httpsTrigger\":{},\"name\":\"api\",\"entryPoint\":\"api\"}"}}
[debug] [2021-04-21T14:07:20.466Z] [runtime-status] [14300] Running api in mode HTTPS {"metadata":{"emulator":{"name":"functions"},"function":{"name":"api"},"message":"[runtime-status] [14300] Running api in mode HTTPS"}}
[debug] [2021-04-21T14:07:20.467Z] [runtime-status] [14300] Attempting to listen to socketPath: \\?\pipe\D:\Web Development Env\amazclone\functions\14300 {"metadata":{"emulator":{"name":"functions"},"function":{"name":"api"},"message":"[runtime-status] [14300] Attempting to listen to socketPath: \\\\?\\pipe\\D:\\Web Development Env\\amazclone\\functions\\14300"}}
[debug] [2021-04-21T14:07:20.471Z] [functions] Runtime ready! Sending request! {"metadata":{"emulator":{"name":"functions"},"message":"[functions] Runtime ready! Sending request!"}}
[debug] [2021-04-21T14:07:20.471Z] [functions] Got req.url=/amaclone-d2e52/us-central1/api/payments/create?total=220000, mapping to path=/payments/create?total=220000 {"metadata":{"emulator":{"name":"functions"},"message":"[functions] Got req.url=/amaclone-d2e52/us-central1/api/payments/create?total=220000, mapping to path=/payments/create?total=220000"}}
[debug] [2021-04-21T14:07:20.477Z] [runtime-status] [14300] Ephemeral server handling POST request {"metadata":{"emulator":{"name":"functions"},"function":{"name":"api"},"message":"[runtime-status] [14300] Ephemeral server handling POST request"}}
[info] >  payment request recieved! for this amount :  220000 {"user":"payment request recieved! for this amount :  220000","metadata":{"emulator":{"name":"functions"},"function":{"name":"api"},"message":"\u001b[90m> \u001b[39m payment request recieved! for this amount :  220000"}}
[debug] [2021-04-21T14:07:20.481Z] [runtime-status] [14300] Ephemeral server survived. {"metadata":{"emulator":{"name":"functions"},"function":{"name":"api"},"message":"[runtime-status] [14300] Ephemeral server survived."}}
[info] i  functions: Finished "api" in ~1s {"metadata":{"emulator":{"name":"functions"},"function":{"name":"api"},"message":"Finished \"api\" in ~1s"}}
[debug] [2021-04-21T14:07:22.064Z] [worker-api-076b9e7b-55ec-4496-85de-c1813662e8d3]: IDLE {"metadata":{"emulator":{"name":"functions"},"message":"[worker-api-076b9e7b-55ec-4496-85de-c1813662e8d3]: IDLE"}}
[debug] [2021-04-21T14:07:22.064Z] [work-queue] {"queueLength":0,"workRunningCount":0}
[debug] [2021-04-21T14:09:42.778Z] [work-queue] {"queueLength":1,"workRunningCount":0}
[debug] [2021-04-21T14:09:42.778Z] [work-queue] {"queueLength":0,"workRunningCount":1}
[debug] [2021-04-21T14:09:42.778Z] Accepted request POST /amaclone-d2e52/us-central1/api/payments/create?total=220000 --> api
[debug] [2021-04-21T14:09:42.778Z] [worker-pool] submitWork(triggerId=api) {"metadata":{"emulator":{"name":"functions"},"message":"[worker-pool] submitWork(triggerId=api)"}}
[debug] [2021-04-21T14:09:42.778Z] [worker-api-076b9e7b-55ec-4496-85de-c1813662e8d3]: Assigning socketPath: \\?\pipe\D:\Web Development Env\amazclone\functions\14300 {"metadata":{"emulator":{"name":"functions"},"message":"[worker-api-076b9e7b-55ec-4496-85de-c1813662e8d3]: Assigning socketPath: \\\\?\\pipe\\D:\\Web Development Env\\amazclone\\functions\\14300"}}
[debug] [2021-04-21T14:09:42.778Z] [worker-api-076b9e7b-55ec-4496-85de-c1813662e8d3]: BUSY {"metadata":{"emulator":{"name":"functions"},"message":"[worker-api-076b9e7b-55ec-4496-85de-c1813662e8d3]: BUSY"}}
[debug] [2021-04-21T14:09:42.779Z] [runtime-status] [14300] Trigger "api" has been found, beginning invocation! {"metadata":{"emulator":{"name":"functions"},"function":{"name":"api"},"message":"[runtime-status] [14300] Trigger \"api\" has been found, beginning invocation!"}}
[info] i  functions: Beginning execution of "api" {"metadata":{"emulator":{"name":"functions"},"function":{"name":"api"},"message":"Beginning execution of \"api\""}}
[debug] [2021-04-21T14:09:42.780Z] [runtime-status] [14300] triggerDefinition {"httpsTrigger":{},"name":"api","entryPoint":"api"} {"metadata":{"emulator":{"name":"functions"},"function":{"name":"api"},"message":"[runtime-status] [14300] triggerDefinition {\"httpsTrigger\":{},\"name\":\"api\",\"entryPoint\":\"api\"}"}}
[debug] [2021-04-21T14:09:42.780Z] [runtime-status] [14300] Running api in mode HTTPS {"metadata":{"emulator":{"name":"functions"},"function":{"name":"api"},"message":"[runtime-status] [14300] Running api in mode HTTPS"}}
[debug] [2021-04-21T14:09:42.780Z] [runtime-status] [14300] Attempting to listen to socketPath: \\?\pipe\D:\Web Development Env\amazclone\functions\14300 {"metadata":{"emulator":{"name":"functions"},"function":{"name":"api"},"message":"[runtime-status] [14300] Attempting to listen to socketPath: \\\\?\\pipe\\D:\\Web Development Env\\amazclone\\functions\\14300"}}
[debug] [2021-04-21T14:09:42.781Z] [functions] Runtime ready! Sending request! {"metadata":{"emulator":{"name":"functions"},"message":"[functions] Runtime ready! Sending request!"}}
[debug] [2021-04-21T14:09:42.781Z] [functions] Got req.url=/amaclone-d2e52/us-central1/api/payments/create?total=220000, mapping to path=/payments/create?total=220000 {"metadata":{"emulator":{"name":"functions"},"message":"[functions] Got req.url=/amaclone-d2e52/us-central1/api/payments/create?total=220000, mapping to path=/payments/create?total=220000"}}
[debug] [2021-04-21T14:09:42.788Z] [runtime-status] [14300] Ephemeral server handling POST request {"metadata":{"emulator":{"name":"functions"},"function":{"name":"api"},"message":"[runtime-status] [14300] Ephemeral server handling POST request"}}
[info] >  payment request recieved! for this amount :  220000 {"user":"payment request recieved! for this amount :  220000","metadata":{"emulator":{"name":"functions"},"function":{"name":"api"},"message":"\u001b[90m> \u001b[39m payment request recieved! for this amount :  220000"}}
[debug] [2021-04-21T14:09:42.789Z] [runtime-status] [14300] Ephemeral server survived. {"metadata":{"emulator":{"name":"functions"},"function":{"name":"api"},"message":"[runtime-status] [14300] Ephemeral server survived."}}
[info] >  (node:14300) UnhandledPromiseRejectionWarning: Error: An error occurred with our connection to Stripe. {"user":"(node:14300) UnhandledPromiseRejectionWarning: Error: An error occurred with our connection to Stripe.","metadata":{"emulator":{"name":"functions"},"function":{"name":"api"},"message":"\u001b[90m> \u001b[39m (node:14300) UnhandledPromiseRejectionWarning: Error: An error occurred with our connection to Stripe."}}
[info] >      at ClientRequest.<anonymous> (D:\Web Development Env\amazclone\functions\node_modules\stripe\lib\StripeResource.js:486:13) {"user":"    at ClientRequest.<anonymous> (D:\\Web Development Env\\amazclone\\functions\\node_modules\\stripe\\lib\\StripeResource.js:486:13)","metadata":{"emulator":{"name":"functions"},"function":{"name":"api"},"message":"\u001b[90m> \u001b[39m     at ClientRequest.<anonymous> (D:\\Web Development Env\\amazclone\\functions\\node_modules\\stripe\\lib\\StripeResource.js:486:13)"}}
[info] >      at ClientRequest.emit (events.js:315:20) {"user":"    at ClientRequest.emit (events.js:315:20)","metadata":{"emulator":{"name":"functions"},"function":{"name":"api"},"message":"\u001b[90m> \u001b[39m     at ClientRequest.emit (events.js:315:20)"}}
[info] >      at TLSSocket.socketErrorListener (_http_client.js:469:9) {"user":"    at TLSSocket.socketErrorListener (_http_client.js:469:9)","metadata":{"emulator":{"name":"functions"},"function":{"name":"api"},"message":"\u001b[90m> \u001b[39m     at TLSSocket.socketErrorListener (_http_client.js:469:9)"}}
[info] >      at TLSSocket.emit (events.js:315:20) {"user":"    at TLSSocket.emit (events.js:315:20)","metadata":{"emulator":{"name":"functions"},"function":{"name":"api"},"message":"\u001b[90m> \u001b[39m     at TLSSocket.emit (events.js:315:20)"}}
[info] >      at emitErrorNT (internal/streams/destroy.js:106:8) {"user":"    at emitErrorNT (internal/streams/destroy.js:106:8)","metadata":{"emulator":{"name":"functions"},"function":{"name":"api"},"message":"\u001b[90m> \u001b[39m     at emitErrorNT (internal/streams/destroy.js:106:8)"}}
[info] >      at emitErrorCloseNT (internal/streams/destroy.js:74:3) {"user":"    at emitErrorCloseNT (internal/streams/destroy.js:74:3)","metadata":{"emulator":{"name":"functions"},"function":{"name":"api"},"message":"\u001b[90m> \u001b[39m     at emitErrorCloseNT (internal/streams/destroy.js:74:3)"}}
[info] >      at processTicksAndRejections (internal/process/task_queues.js:80:21) {"user":"    at processTicksAndRejections (internal/process/task_queues.js:80:21)","metadata":{"emulator":{"name":"functions"},"function":{"name":"api"},"message":"\u001b[90m> \u001b[39m     at processTicksAndRejections (internal/process/task_queues.js:80:21)"}}
[info] >  (Use `node --trace-warnings ...` to show where the warning was created) {"user":"(Use `node --trace-warnings ...` to show where the warning was created)","metadata":{"emulator":{"name":"functions"},"function":{"name":"api"},"message":"\u001b[90m> \u001b[39m (Use `node --trace-warnings ...` to show where the warning was created)"}}
[info] >  (node:14300) UnhandledPromiseRejectionWarning: Unhandled promise rejection. This error originated either by throwing inside of an async function without a catch block, or by rejecting a promise which was not handled with .catch(). To terminate the node process on unhandled promise rejection, use the CLI flag `--unhandled-rejections=strict` (see https://nodejs.org/api/cli.html#cli_unhandled_rejections_mode). (rejection id: 1) {"user":"(node:14300) UnhandledPromiseRejectionWarning: Unhandled promise rejection. This error originated either by throwing inside of an async function without a catch block, or by rejecting a promise which was not handled with .catch(). To terminate the node process on unhandled promise rejection, use the CLI flag `--unhandled-rejections=strict` (see https://nodejs.org/api/cli.html#cli_unhandled_rejections_mode). (rejection id: 1)","metadata":{"emulator":{"name":"functions"},"function":{"name":"api"},"message":"\u001b[90m> \u001b[39m (node:14300) UnhandledPromiseRejectionWarning: Unhandled promise rejection. This error originated either by throwing inside of an async function without a catch block, or by rejecting a promise which was not handled with .catch(). To terminate the node process on unhandled promise rejection, use the CLI flag `--unhandled-rejections=strict` (see https://nodejs.org/api/cli.html#cli_unhandled_rejections_mode). (rejection id: 1)"}}
[info] >  (node:14300) [DEP0018] DeprecationWarning: Unhandled promise rejections are deprecated. In the future, promise rejections that are not handled will terminate the Node.js process with a non-zero exit code. {"user":"(node:14300) [DEP0018] DeprecationWarning: Unhandled promise rejections are deprecated. In the future, promise rejections that are not handled will terminate the Node.js process with a non-zero exit code.","metadata":{"emulator":{"name":"functions"},"function":{"name":"api"},"message":"\u001b[90m> \u001b[39m (node:14300) [DEP0018] DeprecationWarning: Unhandled promise rejections are deprecated. In the future, promise rejections that are not handled will terminate the Node.js process with a non-zero exit code."}}
[warn] !  functions: Your function timed out after ~60s. To configure this timeout, see
      https://firebase.google.com/docs/functions/manage-functions#set_timeout_and_memory_allocation. {"metadata":{"emulator":{"name":"functions"},"function":{"name":"api"},"message":"Your function timed out after ~60s. To configure this timeout, see\n      https://firebase.google.com/docs/functions/manage-functions#set_timeout_and_memory_allocation."}}
[info] >  C:\Users\asus\AppData\Roaming\npm\node_modules\firebase-tools\lib\emulator\functionsEmulatorRuntime.js:644 {"user":"C:\\Users\\asus\\AppData\\Roaming\\npm\\node_modules\\firebase-tools\\lib\\emulator\\functionsEmulatorRuntime.js:644\r","metadata":{"emulator":{"name":"functions"},"function":{"name":"api"},"message":"\u001b[90m> \u001b[39m C:\\Users\\asus\\AppData\\Roaming\\npm\\node_modules\\firebase-tools\\lib\\emulator\\functionsEmulatorRuntime.js:644\r"}}
[info] >              throw new Error("Function timed out."); {"user":"            throw new Error(\"Function timed out.\");\r","metadata":{"emulator":{"name":"functions"},"function":{"name":"api"},"message":"\u001b[90m> \u001b[39m             throw new Error(\"Function timed out.\");\r"}}
[info] >              ^ {"user":"            ^\r","metadata":{"emulator":{"name":"functions"},"function":{"name":"api"},"message":"\u001b[90m> \u001b[39m             ^\r"}}
[info] >   {"user":"\r","metadata":{"emulator":{"name":"functions"},"function":{"name":"api"},"message":"\u001b[90m> \u001b[39m \r"}}
[info] >  Error: Function timed out. {"user":"Error: Function timed out.\r","metadata":{"emulator":{"name":"functions"},"function":{"name":"api"},"message":"\u001b[90m> \u001b[39m Error: Function timed out.\r"}}
[info] >      at Timeout._onTimeout (C:\Users\asus\AppData\Roaming\npm\node_modules\firebase-tools\lib\emulator\functionsEmulatorRuntime.js:644:19) {"user":"    at Timeout._onTimeout (C:\\Users\\asus\\AppData\\Roaming\\npm\\node_modules\\firebase-tools\\lib\\emulator\\functionsEmulatorRuntime.js:644:19)\r","metadata":{"emulator":{"name":"functions"},"function":{"name":"api"},"message":"\u001b[90m> \u001b[39m     at Timeout._onTimeout (C:\\Users\\asus\\AppData\\Roaming\\npm\\node_modules\\firebase-tools\\lib\\emulator\\functionsEmulatorRuntime.js:644:19)\r"}}
[info] >      at listOnTimeout (internal/timers.js:554:17) {"user":"    at listOnTimeout (internal/timers.js:554:17)\r","metadata":{"emulator":{"name":"functions"},"function":{"name":"api"},"message":"\u001b[90m> \u001b[39m     at listOnTimeout (internal/timers.js:554:17)\r"}}
[info] >      at processTimers (internal/timers.js:497:7) {"user":"    at processTimers (internal/timers.js:497:7)\r","metadata":{"emulator":{"name":"functions"},"function":{"name":"api"},"message":"\u001b[90m> \u001b[39m     at processTimers (internal/timers.js:497:7)\r"}}
[debug] [2021-04-21T14:10:42.796Z] [worker-api-076b9e7b-55ec-4496-85de-c1813662e8d3]: exited {"metadata":{"emulator":{"name":"functions"},"message":"[worker-api-076b9e7b-55ec-4496-85de-c1813662e8d3]: exited"}}
[debug] [2021-04-21T14:10:42.797Z] [worker-api-076b9e7b-55ec-4496-85de-c1813662e8d3]: FINISHED {"metadata":{"emulator":{"name":"functions"},"message":"[worker-api-076b9e7b-55ec-4496-85de-c1813662e8d3]: FINISHED"}}
[debug] [2021-04-21T14:10:42.797Z] [work-queue] {"queueLength":0,"workRunningCount":0}
[debug] [2021-04-21T14:10:51.572Z] [work-queue] {"queueLength":1,"workRunningCount":0}
[debug] [2021-04-21T14:10:51.573Z] [work-queue] {"queueLength":0,"workRunningCount":1}
[debug] [2021-04-21T14:10:51.573Z] Accepted request POST /amaclone-d2e52/us-central1/api/payments/create?total=220000 --> api
[debug] [2021-04-21T14:10:51.574Z] [worker-pool] Cleaned up workers for api: 1 --> 0 {"metadata":{"emulator":{"name":"functions"},"message":"[worker-pool] Cleaned up workers for api: 1 --> 0"}}
[debug] [2021-04-21T14:10:51.588Z] [worker-pool] addWorker(api) {"metadata":{"emulator":{"name":"functions"},"message":"[worker-pool] addWorker(api)"}}
[debug] [2021-04-21T14:10:51.588Z] [worker-pool] Adding worker with key api, total=1 {"metadata":{"emulator":{"name":"functions"},"message":"[worker-pool] Adding worker with key api, total=1"}}
[debug] [2021-04-21T14:10:51.589Z] [worker-pool] submitWork(triggerId=api) {"metadata":{"emulator":{"name":"functions"},"message":"[worker-pool] submitWork(triggerId=api)"}}
[debug] [2021-04-21T14:10:51.589Z] [worker-api-1bfb0a99-ce37-4526-9913-40d821684aa6]: Assigning socketPath: \\?\pipe\D:\Web Development Env\amazclone\functions\3440 {"metadata":{"emulator":{"name":"functions"},"message":"[worker-api-1bfb0a99-ce37-4526-9913-40d821684aa6]: Assigning socketPath: \\\\?\\pipe\\D:\\Web Development Env\\amazclone\\functions\\3440"}}
[debug] [2021-04-21T14:10:51.589Z] [worker-api-1bfb0a99-ce37-4526-9913-40d821684aa6]: BUSY {"metadata":{"emulator":{"name":"functions"},"message":"[worker-api-1bfb0a99-ce37-4526-9913-40d821684aa6]: BUSY"}}
[debug] [2021-04-21T14:10:51.841Z] [runtime-status] [3440] Functions runtime initialized. {"cwd":"D:\\Web Development Env\\amazclone\\functions","node_version":"14.16.0"} {"metadata":{"emulator":{"name":"functions"},"function":{"name":"api"},"message":"[runtime-status] [3440] Functions runtime initialized. {\"cwd\":\"D:\\\\Web Development Env\\\\amazclone\\\\functions\",\"node_version\":\"14.16.0\"}"}}
[debug] [2021-04-21T14:10:51.842Z] [runtime-status] [3440] Disabled runtime features: undefined {"metadata":{"emulator":{"name":"functions"},"function":{"name":"api"},"message":"[runtime-status] [3440] Disabled runtime features: undefined"}}
[debug] [2021-04-21T14:10:51.855Z] [runtime-status] [3440] Resolved module firebase-admin {"declared":true,"installed":true,"version":"9.6.0","resolution":"D:\\Web Development Env\\amazclone\\functions\\node_modules\\firebase-admin\\lib\\index.js"} {"metadata":{"emulator":{"name":"functions"},"function":{"name":"api"},"message":"[runtime-status] [3440] Resolved module firebase-admin {\"declared\":true,\"installed\":true,\"version\":\"9.6.0\",\"resolution\":\"D:\\\\Web Development Env\\\\amazclone\\\\functions\\\\node_modules\\\\firebase-admin\\\\lib\\\\index.js\"}"}}
[debug] [2021-04-21T14:10:51.855Z] [runtime-status] [3440] Resolved module firebase-functions {"declared":true,"installed":true,"version":"3.13.2","resolution":"D:\\Web Development Env\\amazclone\\functions\\node_modules\\firebase-functions\\lib\\index.js"} {"metadata":{"emulator":{"name":"functions"},"function":{"name":"api"},"message":"[runtime-status] [3440] Resolved module firebase-functions {\"declared\":true,\"installed\":true,\"version\":\"3.13.2\",\"resolution\":\"D:\\\\Web Development Env\\\\amazclone\\\\functions\\\\node_modules\\\\firebase-functions\\\\lib\\\\index.js\"}"}}
[debug] [2021-04-21T14:10:51.859Z] [runtime-status] [3440] Resolved module firebase-functions {"declared":true,"installed":true,"version":"3.13.2","resolution":"D:\\Web Development Env\\amazclone\\functions\\node_modules\\firebase-functions\\lib\\index.js"} {"metadata":{"emulator":{"name":"functions"},"function":{"name":"api"},"message":"[runtime-status] [3440] Resolved module firebase-functions {\"declared\":true,\"installed\":true,\"version\":\"3.13.2\",\"resolution\":\"D:\\\\Web Development Env\\\\amazclone\\\\functions\\\\node_modules\\\\firebase-functions\\\\lib\\\\index.js\"}"}}
[debug] [2021-04-21T14:10:51.860Z] [runtime-status] [3440] Outgoing network have been stubbed. [{"name":"http","status":"mocked"},{"name":"http","status":"mocked"},{"name":"https","status":"mocked"},{"name":"https","status":"mocked"},{"name":"net","status":"mocked"}] {"metadata":{"emulator":{"name":"functions"},"function":{"name":"api"},"message":"[runtime-status] [3440] Outgoing network have been stubbed. [{\"name\":\"http\",\"status\":\"mocked\"},{\"name\":\"http\",\"status\":\"mocked\"},{\"name\":\"https\",\"status\":\"mocked\"},{\"name\":\"https\",\"status\":\"mocked\"},{\"name\":\"net\",\"status\":\"mocked\"}]"}}
[debug] [2021-04-21T14:10:51.868Z] [runtime-status] [3440] Resolved module firebase-functions {"declared":true,"installed":true,"version":"3.13.2","resolution":"D:\\Web Development Env\\amazclone\\functions\\node_modules\\firebase-functions\\lib\\index.js"} {"metadata":{"emulator":{"name":"functions"},"function":{"name":"api"},"message":"[runtime-status] [3440] Resolved module firebase-functions {\"declared\":true,\"installed\":true,\"version\":\"3.13.2\",\"resolution\":\"D:\\\\Web Development Env\\\\amazclone\\\\functions\\\\node_modules\\\\firebase-functions\\\\lib\\\\index.js\"}"}}
[debug] [2021-04-21T14:10:51.944Z] [runtime-status] [3440] Checked functions.config() {"config":{}} {"metadata":{"emulator":{"name":"functions"},"function":{"name":"api"},"message":"[runtime-status] [3440] Checked functions.config() {\"config\":{}}"}}
[debug] [2021-04-21T14:10:51.944Z] [runtime-status] [3440] firebase-functions has been stubbed. {"functionsResolution":{"declared":true,"installed":true,"version":"3.13.2","resolution":"D:\\Web Development Env\\amazclone\\functions\\node_modules\\firebase-functions\\lib\\index.js"}} {"metadata":{"emulator":{"name":"functions"},"function":{"name":"api"},"message":"[runtime-status] [3440] firebase-functions has been stubbed. {\"functionsResolution\":{\"declared\":true,\"installed\":true,\"version\":\"3.13.2\",\"resolution\":\"D:\\\\Web Development Env\\\\amazclone\\\\functions\\\\node_modules\\\\firebase-functions\\\\lib\\\\index.js\"}}"}}
[debug] [2021-04-21T14:10:51.946Z] [runtime-status] [3440] Resolved module firebase-functions {"declared":true,"installed":true,"version":"3.13.2","resolution":"D:\\Web Development Env\\amazclone\\functions\\node_modules\\firebase-functions\\lib\\index.js"} {"metadata":{"emulator":{"name":"functions"},"function":{"name":"api"},"message":"[runtime-status] [3440] Resolved module firebase-functions {\"declared\":true,\"installed\":true,\"version\":\"3.13.2\",\"resolution\":\"D:\\\\Web Development Env\\\\amazclone\\\\functions\\\\node_modules\\\\firebase-functions\\\\lib\\\\index.js\"}"}}
[debug] [2021-04-21T14:10:51.949Z] [runtime-status] [3440] Resolved module firebase-admin {"declared":true,"installed":true,"version":"9.6.0","resolution":"D:\\Web Development Env\\amazclone\\functions\\node_modules\\firebase-admin\\lib\\index.js"} {"metadata":{"emulator":{"name":"functions"},"function":{"name":"api"},"message":"[runtime-status] [3440] Resolved module firebase-admin {\"declared\":true,\"installed\":true,\"version\":\"9.6.0\",\"resolution\":\"D:\\\\Web Development Env\\\\amazclone\\\\functions\\\\node_modules\\\\firebase-admin\\\\lib\\\\index.js\"}"}}
[debug] [2021-04-21T14:10:51.949Z] [runtime-status] [3440] Resolved module firebase-functions {"declared":true,"installed":true,"version":"3.13.2","resolution":"D:\\Web Development Env\\amazclone\\functions\\node_modules\\firebase-functions\\lib\\index.js"} {"metadata":{"emulator":{"name":"functions"},"function":{"name":"api"},"message":"[runtime-status] [3440] Resolved module firebase-functions {\"declared\":true,\"installed\":true,\"version\":\"3.13.2\",\"resolution\":\"D:\\\\Web Development Env\\\\amazclone\\\\functions\\\\node_modules\\\\firebase-functions\\\\lib\\\\index.js\"}"}}
[debug] [2021-04-21T14:10:51.949Z] [runtime-status] [3440] firebase-admin has been stubbed. {"adminResolution":{"declared":true,"installed":true,"version":"9.6.0","resolution":"D:\\Web Development Env\\amazclone\\functions\\node_modules\\firebase-admin\\lib\\index.js"}} {"metadata":{"emulator":{"name":"functions"},"function":{"name":"api"},"message":"[runtime-status] [3440] firebase-admin has been stubbed. {\"adminResolution\":{\"declared\":true,\"installed\":true,\"version\":\"9.6.0\",\"resolution\":\"D:\\\\Web Development Env\\\\amazclone\\\\functions\\\\node_modules\\\\firebase-admin\\\\lib\\\\index.js\"}}"}}
